# JRE version: OpenJDK Runtime Environment (17.0.6) (build 17.0.6+0-b2043.56-10027231)
# Java VM: OpenJDK 64-Bit Server VM (17.0.6+0-b2043.56-10027231, mixed mode, tiered, compressed oops, compressed class ptrs, g1 gc, windows-amd64)
GC Precious Log:
 CPUs: 16 total, 16 available
 Memory: 14020M
 Large Page Support: Disabled
 NUMA Support: Disabled
 Compressed Oops: Enabled (32-bit)
 Heap Region Size: 1M
 Heap Min Capacity: 8M
 Heap Initial Capacity: 220M
 Heap Max Capacity: 2G
 Pre-touch: Disabled
 Parallel Workers: 13
 Concurrent Workers: 3
 Concurrent Refinement Workers: 13
 Periodic GC: Disabled
Heap:
 garbage-first heap   total 180224K, used 82391K [0x0000000080000000, 0x0000000100000000)
  region size 1024K, 5 young (5120K), 5 survivors (5120K)
 Metaspace       used 97122K, committed 97856K, reserved 1138688K
  class space    used 13139K, committed 13440K, reserved 1048576K
GC Heap History (20 events):
Event: 5.595 GC heap after
{Heap after GC invocations=31 (full 0):
 garbage-first heap   total 119808K, used 63964K [0x0000000080000000, 0x0000000100000000)
  region size 1024K, 2 young (2048K), 2 survivors (2048K)
 Metaspace       used 74148K, committed 74688K, reserved 1114112K
  class space    used 9793K, committed 10048K, reserved 1048576K
}
Event: 5.815 GC heap before
{Heap before GC invocations=31 (full 0):
 garbage-first heap   total 119808K, used 93660K [0x0000000080000000, 0x0000000100000000)
  region size 1024K, 31 young (31744K), 2 survivors (2048K)
 Metaspace       used 77089K, committed 77696K, reserved 1122304K
  class space    used 10197K, committed 10496K, reserved 1048576K
}
Event: 5.817 GC heap after
{Heap after GC invocations=32 (full 0):
 garbage-first heap   total 119808K, used 66694K [0x0000000080000000, 0x0000000100000000)
  region size 1024K, 4 young (4096K), 4 survivors (4096K)
 Metaspace       used 77089K, committed 77696K, reserved 1122304K
  class space    used 10197K, committed 10496K, reserved 1048576K
}
Event: 6.064 GC heap before
{Heap before GC invocations=33 (full 0):
 garbage-first heap   total 119808K, used 95366K [0x0000000080000000, 0x0000000100000000)
  region size 1024K, 32 young (32768K), 4 survivors (4096K)
 Metaspace       used 78816K, committed 79360K, reserved 1122304K
  class space    used 10426K, committed 10688K, reserved 1048576K
}
Event: 6.067 GC heap after
{Heap after GC invocations=34 (full 0):
 garbage-first heap   total 119808K, used 68698K [0x0000000080000000, 0x0000000100000000)
  region size 1024K, 2 young (2048K), 2 survivors (2048K)
 Metaspace       used 78816K, committed 79360K, reserved 1122304K
  class space    used 10426K, committed 10688K, reserved 1048576K
}
Event: 6.095 GC heap before
{Heap before GC invocations=34 (full 0):
 garbage-first heap   total 119808K, used 71770K [0x0000000080000000, 0x0000000100000000)
  region size 1024K, 5 young (5120K), 2 survivors (2048K)
 Metaspace       used 79125K, committed 79680K, reserved 1122304K
  class space    used 10471K, committed 10752K, reserved 1048576K
}
Event: 6.097 GC heap after
{Heap after GC invocations=35 (full 0):
 garbage-first heap   total 144384K, used 68931K [0x0000000080000000, 0x0000000100000000)
  region size 1024K, 1 young (1024K), 1 survivors (1024K)
 Metaspace       used 79125K, committed 79680K, reserved 1122304K
  class space    used 10471K, committed 10752K, reserved 1048576K
}
Event: 6.139 GC heap before
{Heap before GC invocations=35 (full 0):
 garbage-first heap   total 144384K, used 74051K [0x0000000080000000, 0x0000000100000000)
  region size 1024K, 7 young (7168K), 1 survivors (1024K)
 Metaspace       used 79658K, committed 80256K, reserved 1122304K
  class space    used 10541K, committed 10816K, reserved 1048576K
}
Event: 6.140 GC heap after
{Heap after GC invocations=36 (full 0):
 garbage-first heap   total 144384K, used 69234K [0x0000000080000000, 0x0000000100000000)
  region size 1024K, 1 young (1024K), 1 survivors (1024K)
 Metaspace       used 79658K, committed 80256K, reserved 1122304K
  class space    used 10541K, committed 10816K, reserved 1048576K
}
Event: 6.586 GC heap before
{Heap before GC invocations=37 (full 0):
 garbage-first heap   total 144384K, used 115314K [0x0000000080000000, 0x0000000100000000)
  region size 1024K, 45 young (46080K), 1 survivors (1024K)
 Metaspace       used 85008K, committed 85568K, reserved 1130496K
  class space    used 11442K, committed 11712K, reserved 1048576K
}
Event: 6.588 GC heap after
{Heap after GC invocations=38 (full 0):
 garbage-first heap   total 144384K, used 70860K [0x0000000080000000, 0x0000000100000000)
  region size 1024K, 3 young (3072K), 3 survivors (3072K)
 Metaspace       used 85008K, committed 85568K, reserved 1130496K
  class space    used 11442K, committed 11712K, reserved 1048576K
}
Event: 6.627 GC heap before
{Heap before GC invocations=38 (full 0):
 garbage-first heap   total 144384K, used 74956K [0x0000000080000000, 0x0000000100000000)
  region size 1024K, 7 young (7168K), 3 survivors (3072K)
 Metaspace       used 85354K, committed 85952K, reserved 1130496K
  class space    used 11488K, committed 11776K, reserved 1048576K
}
Event: 6.629 GC heap after
{Heap after GC invocations=39 (full 0):
 garbage-first heap   total 144384K, used 70959K [0x0000000080000000, 0x0000000100000000)
  region size 1024K, 1 young (1024K), 1 survivors (1024K)
 Metaspace       used 85354K, committed 85952K, reserved 1130496K
  class space    used 11488K, committed 11776K, reserved 1048576K
}
Event: 7.075 GC heap before
{Heap before GC invocations=39 (full 0):
 garbage-first heap   total 144384K, used 116015K [0x0000000080000000, 0x0000000100000000)
  region size 1024K, 45 young (46080K), 1 survivors (1024K)
 Metaspace       used 89922K, committed 90560K, reserved 1130496K
  class space    used 12130K, committed 12416K, reserved 1048576K
}
Event: 7.077 GC heap after
{Heap after GC invocations=40 (full 0):
 garbage-first heap   total 144384K, used 74241K [0x0000000080000000, 0x0000000100000000)
  region size 1024K, 4 young (4096K), 4 survivors (4096K)
 Metaspace       used 89922K, committed 90560K, reserved 1130496K
  class space    used 12130K, committed 12416K, reserved 1048576K
}
Event: 7.566 GC heap before
{Heap before GC invocations=41 (full 0):
 garbage-first heap   total 144384K, used 117249K [0x0000000080000000, 0x0000000100000000)
  region size 1024K, 46 young (47104K), 4 survivors (4096K)
 Metaspace       used 95335K, committed 96000K, reserved 1138688K
  class space    used 12897K, committed 13184K, reserved 1048576K
}
Event: 7.570 GC heap after
{Heap after GC invocations=42 (full 0):
 garbage-first heap   total 144384K, used 77882K [0x0000000080000000, 0x0000000100000000)
  region size 1024K, 4 young (4096K), 4 survivors (4096K)
 Metaspace       used 95335K, committed 96000K, reserved 1138688K
  class space    used 12897K, committed 13184K, reserved 1048576K
}
Event: 7.594 GC heap before
{Heap before GC invocations=42 (full 0):
 garbage-first heap   total 144384K, used 80954K [0x0000000080000000, 0x0000000100000000)
  region size 1024K, 7 young (7168K), 4 survivors (4096K)
 Metaspace       used 95513K, committed 96192K, reserved 1138688K
  class space    used 12922K, committed 13248K, reserved 1048576K
}
Event: 7.596 GC heap after
{Heap after GC invocations=43 (full 0):
 garbage-first heap   total 144384K, used 78169K [0x0000000080000000, 0x0000000100000000)
  region size 1024K, 1 young (1024K), 1 survivors (1024K)
 Metaspace       used 95513K, committed 96192K, reserved 1138688K
  class space    used 12922K, committed 13248K, reserved 1048576K
}
Event: 7.874 GC heap before
{Heap before GC invocations=43 (full 0):
 garbage-first heap   total 144384K, used 118105K [0x0000000080000000, 0x0000000100000000)
  region size 1024K, 40 young (40960K), 1 survivors (1024K)
 Metaspace       used 97122K, committed 97856K, reserved 1138688K
  class space    used 13139K, committed 13440K, reserved 1048576K
}

