# JRE version: OpenJDK Runtime Environment (17.0.6) (build 17.0.6+0-b2043.56-10027231)
# Java VM: OpenJDK 64-Bit Server VM (17.0.6+0-b2043.56-10027231, mixed mode, tiered, compressed oops, compressed class ptrs, g1 gc, windows-amd64)
GC Precious Log:
 CPUs: 16 total, 16 available
 Memory: 14020M
 Large Page Support: Disabled
 NUMA Support: Disabled
 Compressed Oops: Enabled (32-bit)
 Heap Region Size: 1M
 Heap Min Capacity: 8M
 Heap Initial Capacity: 220M
 Heap Max Capacity: 2G
 Pre-touch: Disabled
 Parallel Workers: 13
 Concurrent Workers: 3
 Concurrent Refinement Workers: 13
 Periodic GC: Disabled
Heap:
 garbage-first heap   total 183296K, used 58701K [0x0000000080000000, 0x0000000100000000)
  region size 1024K, 3 young (3072K), 3 survivors (3072K)
 Metaspace       used 66534K, committed 67136K, reserved 1114112K
  class space    used 8772K, committed 9088K, reserved 1048576K
GC Heap History (20 events):
Event: 2.284 GC heap after
{Heap after GC invocations=9 (full 0):
 garbage-first heap   total 65536K, used 24135K [0x0000000080000000, 0x0000000100000000)
  region size 1024K, 3 young (3072K), 3 survivors (3072K)
 Metaspace       used 35594K, committed 35968K, reserved 1081344K
  class space    used 4867K, committed 5056K, reserved 1048576K
}
Event: 2.530 GC heap before
{Heap before GC invocations=10 (full 0):
 garbage-first heap   total 65536K, used 47687K [0x0000000080000000, 0x0000000100000000)
  region size 1024K, 27 young (27648K), 3 survivors (3072K)
 Metaspace       used 40528K, committed 40832K, reserved 1089536K
  class space    used 5355K, committed 5504K, reserved 1048576K
}
Event: 2.532 GC heap after
{Heap after GC invocations=11 (full 0):
 garbage-first heap   total 65536K, used 27570K [0x0000000080000000, 0x0000000100000000)
  region size 1024K, 4 young (4096K), 4 survivors (4096K)
 Metaspace       used 40528K, committed 40832K, reserved 1089536K
  class space    used 5355K, committed 5504K, reserved 1048576K
}
Event: 2.534 GC heap before
{Heap before GC invocations=11 (full 0):
 garbage-first heap   total 65536K, used 28594K [0x0000000080000000, 0x0000000100000000)
  region size 1024K, 5 young (5120K), 4 survivors (4096K)
 Metaspace       used 40528K, committed 40832K, reserved 1089536K
  class space    used 5355K, committed 5504K, reserved 1048576K
}
Event: 2.535 GC heap after
{Heap after GC invocations=12 (full 0):
 garbage-first heap   total 93184K, used 27474K [0x0000000080000000, 0x0000000100000000)
  region size 1024K, 1 young (1024K), 1 survivors (1024K)
 Metaspace       used 40528K, committed 40832K, reserved 1089536K
  class space    used 5355K, committed 5504K, reserved 1048576K
}
Event: 2.883 GC heap before
{Heap before GC invocations=12 (full 0):
 garbage-first heap   total 93184K, used 71506K [0x0000000080000000, 0x0000000100000000)
  region size 1024K, 41 young (41984K), 1 survivors (1024K)
 Metaspace       used 44633K, committed 44992K, reserved 1089536K
  class space    used 5764K, committed 5952K, reserved 1048576K
}
Event: 2.884 GC heap after
{Heap after GC invocations=13 (full 0):
 garbage-first heap   total 93184K, used 30502K [0x0000000080000000, 0x0000000100000000)
  region size 1024K, 4 young (4096K), 4 survivors (4096K)
 Metaspace       used 44633K, committed 44992K, reserved 1089536K
  class space    used 5764K, committed 5952K, reserved 1048576K
}
Event: 3.276 GC heap before
{Heap before GC invocations=13 (full 0):
 garbage-first heap   total 93184K, used 69414K [0x0000000080000000, 0x0000000100000000)
  region size 1024K, 42 young (43008K), 4 survivors (4096K)
 Metaspace       used 49819K, committed 50304K, reserved 1097728K
  class space    used 6634K, committed 6848K, reserved 1048576K
}
Event: 3.278 GC heap after
{Heap after GC invocations=14 (full 0):
 garbage-first heap   total 93184K, used 32945K [0x0000000080000000, 0x0000000100000000)
  region size 1024K, 3 young (3072K), 3 survivors (3072K)
 Metaspace       used 49819K, committed 50304K, reserved 1097728K
  class space    used 6634K, committed 6848K, reserved 1048576K
}
Event: 3.698 GC heap before
{Heap before GC invocations=14 (full 0):
 garbage-first heap   total 93184K, used 70833K [0x0000000080000000, 0x0000000100000000)
  region size 1024K, 40 young (40960K), 3 survivors (3072K)
 Metaspace       used 53190K, committed 53632K, reserved 1097728K
  class space    used 7101K, committed 7296K, reserved 1048576K
}
Event: 3.700 GC heap after
{Heap after GC invocations=15 (full 0):
 garbage-first heap   total 93184K, used 35622K [0x0000000080000000, 0x0000000100000000)
  region size 1024K, 5 young (5120K), 5 survivors (5120K)
 Metaspace       used 53190K, committed 53632K, reserved 1097728K
  class space    used 7101K, committed 7296K, reserved 1048576K
}
Event: 3.961 GC heap before
{Heap before GC invocations=15 (full 0):
 garbage-first heap   total 93184K, used 80678K [0x0000000080000000, 0x0000000100000000)
  region size 1024K, 41 young (41984K), 5 survivors (5120K)
 Metaspace       used 54762K, committed 55232K, reserved 1097728K
  class space    used 7270K, committed 7488K, reserved 1048576K
}
Event: 3.964 GC heap after
{Heap after GC invocations=16 (full 0):
 garbage-first heap   total 96256K, used 52336K [0x0000000080000000, 0x0000000100000000)
  region size 1024K, 6 young (6144K), 6 survivors (6144K)
 Metaspace       used 54762K, committed 55232K, reserved 1097728K
  class space    used 7270K, committed 7488K, reserved 1048576K
}
Event: 4.182 GC heap before
{Heap before GC invocations=16 (full 0):
 garbage-first heap   total 96256K, used 73840K [0x0000000080000000, 0x0000000100000000)
  region size 1024K, 27 young (27648K), 6 survivors (6144K)
 Metaspace       used 57876K, committed 58304K, reserved 1105920K
  class space    used 7680K, committed 7872K, reserved 1048576K
}
Event: 4.185 GC heap after
{Heap after GC invocations=17 (full 0):
 garbage-first heap   total 96256K, used 53693K [0x0000000080000000, 0x0000000100000000)
  region size 1024K, 2 young (2048K), 2 survivors (2048K)
 Metaspace       used 57876K, committed 58304K, reserved 1105920K
  class space    used 7680K, committed 7872K, reserved 1048576K
}
Event: 4.397 GC heap before
{Heap before GC invocations=18 (full 0):
 garbage-first heap   total 96256K, used 75197K [0x0000000080000000, 0x0000000100000000)
  region size 1024K, 23 young (23552K), 2 survivors (2048K)
 Metaspace       used 61338K, committed 61888K, reserved 1105920K
  class space    used 8068K, committed 8320K, reserved 1048576K
}
Event: 4.398 GC heap after
{Heap after GC invocations=19 (full 0):
 garbage-first heap   total 96256K, used 54278K [0x0000000080000000, 0x0000000100000000)
  region size 1024K, 2 young (2048K), 2 survivors (2048K)
 Metaspace       used 61338K, committed 61888K, reserved 1105920K
  class space    used 8068K, committed 8320K, reserved 1048576K
}
Event: 4.653 GC heap before
{Heap before GC invocations=19 (full 0):
 garbage-first heap   total 96256K, used 73734K [0x0000000080000000, 0x0000000100000000)
  region size 1024K, 22 young (22528K), 2 survivors (2048K)
 Metaspace       used 65457K, committed 65984K, reserved 1105920K
  class space    used 8630K, committed 8896K, reserved 1048576K
}
Event: 4.655 GC heap after
{Heap after GC invocations=20 (full 0):
 garbage-first heap   total 96256K, used 56436K [0x0000000080000000, 0x0000000100000000)
  region size 1024K, 3 young (3072K), 3 survivors (3072K)
 Metaspace       used 65457K, committed 65984K, reserved 1105920K
  class space    used 8630K, committed 8896K, reserved 1048576K
}
Event: 4.774 GC heap before
{Heap before GC invocations=21 (full 0):
 garbage-first heap   total 117760K, used 83060K [0x0000000080000000, 0x0000000100000000)
  region size 1024K, 23 young (23552K), 3 survivors (3072K)
 Metaspace       used 66534K, committed 67136K, reserved 1114112K
  class space    used 8772K, committed 9088K, reserved 1048576K
}

