# JRE version: OpenJDK Runtime Environment (17.0.6) (build 17.0.6+0-b2043.56-10027231)
# Java VM: OpenJDK 64-Bit Server VM (17.0.6+0-b2043.56-10027231, mixed mode, tiered, compressed oops, compressed class ptrs, g1 gc, windows-amd64)
GC Precious Log:
 CPUs: 16 total, 16 available
 Memory: 14020M
 Large Page Support: Disabled
 NUMA Support: Disabled
 Compressed Oops: Enabled (32-bit)
 Heap Region Size: 1M
 Heap Min Capacity: 8M
 Heap Initial Capacity: 220M
 Heap Max Capacity: 2G
 Pre-touch: Disabled
 Parallel Workers: 13
 Concurrent Workers: 3
 Concurrent Refinement Workers: 13
 Periodic GC: Disabled
Heap:
 garbage-first heap   total 155648K, used 102334K [0x0000000080000000, 0x0000000100000000)
  region size 1024K, 4 young (4096K), 4 survivors (4096K)
 Metaspace       used 107586K, committed 108416K, reserved 1146880K
  class space    used 14517K, committed 14912K, reserved 1048576K
GC Heap History (20 events):
Event: 8.347 GC heap after
{Heap after GC invocations=38 (full 0):
 garbage-first heap   total 155648K, used 67711K [0x0000000080000000, 0x0000000100000000)
  region size 1024K, 5 young (5120K), 5 survivors (5120K)
 Metaspace       used 82053K, committed 82560K, reserved 1122304K
  class space    used 10838K, committed 11072K, reserved 1048576K
}
Event: 8.366 GC heap before
{Heap before GC invocations=38 (full 0):
 garbage-first heap   total 155648K, used 69759K [0x0000000080000000, 0x0000000100000000)
  region size 1024K, 7 young (7168K), 5 survivors (5120K)
 Metaspace       used 82208K, committed 82816K, reserved 1122304K
  class space    used 10861K, committed 11136K, reserved 1048576K
}
Event: 8.369 GC heap after
{Heap after GC invocations=39 (full 0):
 garbage-first heap   total 155648K, used 68233K [0x0000000080000000, 0x0000000100000000)
  region size 1024K, 1 young (1024K), 1 survivors (1024K)
 Metaspace       used 82208K, committed 82816K, reserved 1122304K
  class space    used 10861K, committed 11136K, reserved 1048576K
}
Event: 8.893 GC heap before
{Heap before GC invocations=39 (full 0):
 garbage-first heap   total 155648K, used 124553K [0x0000000080000000, 0x0000000100000000)
  region size 1024K, 55 young (56320K), 1 survivors (1024K)
 Metaspace       used 86757K, committed 87360K, reserved 1130496K
  class space    used 11511K, committed 11776K, reserved 1048576K
}
Event: 8.895 GC heap after
{Heap after GC invocations=40 (full 0):
 garbage-first heap   total 155648K, used 70975K [0x0000000080000000, 0x0000000100000000)
  region size 1024K, 4 young (4096K), 4 survivors (4096K)
 Metaspace       used 86757K, committed 87360K, reserved 1130496K
  class space    used 11511K, committed 11776K, reserved 1048576K
}
Event: 9.425 GC heap before
{Heap before GC invocations=40 (full 0):
 garbage-first heap   total 155648K, used 121151K [0x0000000080000000, 0x0000000100000000)
  region size 1024K, 53 young (54272K), 4 survivors (4096K)
 Metaspace       used 92366K, committed 92928K, reserved 1130496K
  class space    used 12409K, committed 12672K, reserved 1048576K
}
Event: 9.428 GC heap after
{Heap after GC invocations=41 (full 0):
 garbage-first heap   total 155648K, used 73868K [0x0000000080000000, 0x0000000100000000)
  region size 1024K, 7 young (7168K), 7 survivors (7168K)
 Metaspace       used 92366K, committed 92928K, reserved 1130496K
  class space    used 12409K, committed 12672K, reserved 1048576K
}
Event: 9.971 GC heap before
{Heap before GC invocations=41 (full 0):
 garbage-first heap   total 155648K, used 124044K [0x0000000080000000, 0x0000000100000000)
  region size 1024K, 56 young (57344K), 7 survivors (7168K)
 Metaspace       used 97640K, committed 98368K, reserved 1138688K
  class space    used 13179K, committed 13504K, reserved 1048576K
}
Event: 9.974 GC heap after
{Heap after GC invocations=42 (full 0):
 garbage-first heap   total 155648K, used 77485K [0x0000000080000000, 0x0000000100000000)
  region size 1024K, 7 young (7168K), 7 survivors (7168K)
 Metaspace       used 97640K, committed 98368K, reserved 1138688K
  class space    used 13179K, committed 13504K, reserved 1048576K
}
Event: 10.454 GC heap before
{Heap before GC invocations=42 (full 0):
 garbage-first heap   total 155648K, used 125613K [0x0000000080000000, 0x0000000100000000)
  region size 1024K, 54 young (55296K), 7 survivors (7168K)
 Metaspace       used 102329K, committed 102976K, reserved 1138688K
  class space    used 13805K, committed 14144K, reserved 1048576K
}
Event: 10.458 GC heap after
{Heap after GC invocations=43 (full 0):
 garbage-first heap   total 155648K, used 81515K [0x0000000080000000, 0x0000000100000000)
  region size 1024K, 7 young (7168K), 7 survivors (7168K)
 Metaspace       used 102329K, committed 102976K, reserved 1138688K
  class space    used 13805K, committed 14144K, reserved 1048576K
}
Event: 10.695 GC heap before
{Heap before GC invocations=43 (full 0):
 garbage-first heap   total 155648K, used 126571K [0x0000000080000000, 0x0000000100000000)
  region size 1024K, 51 young (52224K), 7 survivors (7168K)
 Metaspace       used 102948K, committed 103616K, reserved 1138688K
  class space    used 13877K, committed 14208K, reserved 1048576K
}
Event: 10.700 GC heap after
{Heap after GC invocations=44 (full 0):
 garbage-first heap   total 155648K, used 88948K [0x0000000080000000, 0x0000000100000000)
  region size 1024K, 7 young (7168K), 7 survivors (7168K)
 Metaspace       used 102948K, committed 103616K, reserved 1138688K
  class space    used 13877K, committed 14208K, reserved 1048576K
}
Event: 11.073 GC heap before
{Heap before GC invocations=44 (full 0):
 garbage-first heap   total 155648K, used 127860K [0x0000000080000000, 0x0000000100000000)
  region size 1024K, 44 young (45056K), 7 survivors (7168K)
 Metaspace       used 105883K, committed 106688K, reserved 1146880K
  class space    used 14210K, committed 14592K, reserved 1048576K
}
Event: 11.078 GC heap after
{Heap after GC invocations=45 (full 0):
 garbage-first heap   total 155648K, used 95511K [0x0000000080000000, 0x0000000100000000)
  region size 1024K, 6 young (6144K), 6 survivors (6144K)
 Metaspace       used 105883K, committed 106688K, reserved 1146880K
  class space    used 14210K, committed 14592K, reserved 1048576K
}
Event: 11.216 GC heap before
{Heap before GC invocations=45 (full 0):
 garbage-first heap   total 155648K, used 125207K [0x0000000080000000, 0x0000000100000000)
  region size 1024K, 36 young (36864K), 6 survivors (6144K)
 Metaspace       used 106887K, committed 107648K, reserved 1146880K
  class space    used 14467K, committed 14848K, reserved 1048576K
}
Event: 11.221 GC heap after
{Heap after GC invocations=46 (full 0):
 garbage-first heap   total 155648K, used 98196K [0x0000000080000000, 0x0000000100000000)
  region size 1024K, 3 young (3072K), 3 survivors (3072K)
 Metaspace       used 106887K, committed 107648K, reserved 1146880K
  class space    used 14467K, committed 14848K, reserved 1048576K
}
Event: 11.408 GC heap before
{Heap before GC invocations=46 (full 0):
 garbage-first heap   total 155648K, used 126868K [0x0000000080000000, 0x0000000100000000)
  region size 1024K, 32 young (32768K), 3 survivors (3072K)
 Metaspace       used 107252K, committed 108032K, reserved 1146880K
  class space    used 14501K, committed 14912K, reserved 1048576K
}
Event: 11.411 GC heap after
{Heap after GC invocations=47 (full 0):
 garbage-first heap   total 155648K, used 100655K [0x0000000080000000, 0x0000000100000000)
  region size 1024K, 3 young (3072K), 3 survivors (3072K)
 Metaspace       used 107252K, committed 108032K, reserved 1146880K
  class space    used 14501K, committed 14912K, reserved 1048576K
}
Event: 11.553 GC heap before
{Heap before GC invocations=47 (full 0):
 garbage-first heap   total 155648K, used 128303K [0x0000000080000000, 0x0000000100000000)
  region size 1024K, 31 young (31744K), 3 survivors (3072K)
 Metaspace       used 107586K, committed 108416K, reserved 1146880K
  class space    used 14517K, committed 14912K, reserved 1048576K
}

