# JRE version: OpenJDK Runtime Environment (17.0.6) (build 17.0.6+0-b2043.56-10027231)
# Java VM: OpenJDK 64-Bit Server VM (17.0.6+0-b2043.56-10027231, mixed mode, tiered, compressed oops, compressed class ptrs, g1 gc, windows-amd64)
GC Precious Log:
 CPUs: 16 total, 16 available
 Memory: 14020M
 Large Page Support: Disabled
 NUMA Support: Disabled
 Compressed Oops: Enabled (32-bit)
 Heap Region Size: 1M
 Heap Min Capacity: 8M
 Heap Initial Capacity: 220M
 Heap Max Capacity: 2G
 Pre-touch: Disabled
 Parallel Workers: 13
 Concurrent Workers: 3
 Concurrent Refinement Workers: 13
 Periodic GC: Disabled
Heap:
 garbage-first heap   total 183296K, used 97720K [0x0000000080000000, 0x0000000100000000)
  region size 1024K, 1 young (1024K), 1 survivors (1024K)
 Metaspace       used 101678K, committed 102400K, reserved 1138688K
  class space    used 13813K, committed 14144K, reserved 1048576K
GC Heap History (20 events):
Event: 6.487 GC heap after
{Heap after GC invocations=39 (full 0):
 garbage-first heap   total 121856K, used 71193K [0x0000000080000000, 0x0000000100000000)
  region size 1024K, 4 young (4096K), 4 survivors (4096K)
 Metaspace       used 86192K, committed 86848K, reserved 1130496K
  class space    used 11619K, committed 11904K, reserved 1048576K
}
Event: 6.812 GC heap before
{Heap before GC invocations=40 (full 0):
 garbage-first heap   total 124928K, used 100889K [0x0000000080000000, 0x0000000100000000)
  region size 1024K, 33 young (33792K), 4 survivors (4096K)
 Metaspace       used 89479K, committed 90112K, reserved 1130496K
  class space    used 12086K, committed 12352K, reserved 1048576K
}
Event: 6.815 GC heap after
{Heap after GC invocations=41 (full 0):
 garbage-first heap   total 124928K, used 73735K [0x0000000080000000, 0x0000000100000000)
  region size 1024K, 5 young (5120K), 5 survivors (5120K)
 Metaspace       used 89479K, committed 90112K, reserved 1130496K
  class space    used 12086K, committed 12352K, reserved 1048576K
}
Event: 7.113 GC heap before
{Heap before GC invocations=41 (full 0):
 garbage-first heap   total 124928K, used 103431K [0x0000000080000000, 0x0000000100000000)
  region size 1024K, 34 young (34816K), 5 survivors (5120K)
 Metaspace       used 92554K, committed 93184K, reserved 1130496K
  class space    used 12577K, committed 12864K, reserved 1048576K
}
Event: 7.115 GC heap after
{Heap after GC invocations=42 (full 0):
 garbage-first heap   total 124928K, used 75525K [0x0000000080000000, 0x0000000100000000)
  region size 1024K, 5 young (5120K), 5 survivors (5120K)
 Metaspace       used 92554K, committed 93184K, reserved 1130496K
  class space    used 12577K, committed 12864K, reserved 1048576K
}
Event: 7.439 GC heap before
{Heap before GC invocations=43 (full 0):
 garbage-first heap   total 133120K, used 104197K [0x0000000080000000, 0x0000000100000000)
  region size 1024K, 33 young (33792K), 5 survivors (5120K)
 Metaspace       used 95883K, committed 96576K, reserved 1138688K
  class space    used 12986K, committed 13312K, reserved 1048576K
}
Event: 7.442 GC heap after
{Heap after GC invocations=44 (full 0):
 garbage-first heap   total 133120K, used 78605K [0x0000000080000000, 0x0000000100000000)
  region size 1024K, 5 young (5120K), 5 survivors (5120K)
 Metaspace       used 95883K, committed 96576K, reserved 1138688K
  class space    used 12986K, committed 13312K, reserved 1048576K
}
Event: 7.447 GC heap before
{Heap before GC invocations=44 (full 0):
 garbage-first heap   total 133120K, used 78605K [0x0000000080000000, 0x0000000100000000)
  region size 1024K, 6 young (6144K), 5 survivors (5120K)
 Metaspace       used 95895K, committed 96576K, reserved 1138688K
  class space    used 12987K, committed 13312K, reserved 1048576K
}
Event: 7.449 GC heap after
{Heap after GC invocations=45 (full 0):
 garbage-first heap   total 159744K, used 78845K [0x0000000080000000, 0x0000000100000000)
  region size 1024K, 1 young (1024K), 1 survivors (1024K)
 Metaspace       used 95895K, committed 96576K, reserved 1138688K
  class space    used 12987K, committed 13312K, reserved 1048576K
}
Event: 7.758 GC heap before
{Heap before GC invocations=45 (full 0):
 garbage-first heap   total 159744K, used 129021K [0x0000000080000000, 0x0000000100000000)
  region size 1024K, 50 young (51200K), 1 survivors (1024K)
 Metaspace       used 97204K, committed 97920K, reserved 1138688K
  class space    used 13161K, committed 13504K, reserved 1048576K
}
Event: 7.761 GC heap after
{Heap after GC invocations=46 (full 0):
 garbage-first heap   total 159744K, used 84467K [0x0000000080000000, 0x0000000100000000)
  region size 1024K, 7 young (7168K), 7 survivors (7168K)
 Metaspace       used 97204K, committed 97920K, reserved 1138688K
  class space    used 13161K, committed 13504K, reserved 1048576K
}
Event: 8.112 GC heap before
{Heap before GC invocations=47 (full 0):
 garbage-first heap   total 159744K, used 128499K [0x0000000080000000, 0x0000000100000000)
  region size 1024K, 50 young (51200K), 7 survivors (7168K)
 Metaspace       used 100053K, committed 100800K, reserved 1138688K
  class space    used 13491K, committed 13824K, reserved 1048576K
}
Event: 8.116 GC heap after
{Heap after GC invocations=48 (full 0):
 garbage-first heap   total 159744K, used 91612K [0x0000000080000000, 0x0000000100000000)
  region size 1024K, 7 young (7168K), 7 survivors (7168K)
 Metaspace       used 100053K, committed 100800K, reserved 1138688K
  class space    used 13491K, committed 13824K, reserved 1048576K
}
Event: 8.122 GC heap before
{Heap before GC invocations=48 (full 0):
 garbage-first heap   total 159744K, used 92636K [0x0000000080000000, 0x0000000100000000)
  region size 1024K, 8 young (8192K), 7 survivors (7168K)
 Metaspace       used 100108K, committed 100800K, reserved 1138688K
  class space    used 13497K, committed 13824K, reserved 1048576K
}
Event: 8.125 GC heap after
{Heap after GC invocations=49 (full 0):
 garbage-first heap   total 159744K, used 92550K [0x0000000080000000, 0x0000000100000000)
  region size 1024K, 1 young (1024K), 1 survivors (1024K)
 Metaspace       used 100108K, committed 100800K, reserved 1138688K
  class space    used 13497K, committed 13824K, reserved 1048576K
}
Event: 8.288 GC heap before
{Heap before GC invocations=49 (full 0):
 garbage-first heap   total 159744K, used 128390K [0x0000000080000000, 0x0000000100000000)
  region size 1024K, 37 young (37888K), 1 survivors (1024K)
 Metaspace       used 101247K, committed 102016K, reserved 1138688K
  class space    used 13776K, committed 14144K, reserved 1048576K
}
Event: 8.291 GC heap after
{Heap after GC invocations=50 (full 0):
 garbage-first heap   total 159744K, used 94971K [0x0000000080000000, 0x0000000100000000)
  region size 1024K, 4 young (4096K), 4 survivors (4096K)
 Metaspace       used 101247K, committed 102016K, reserved 1138688K
  class space    used 13776K, committed 14144K, reserved 1048576K
}
Event: 8.488 GC heap before
{Heap before GC invocations=51 (full 0):
 garbage-first heap   total 183296K, used 128763K [0x0000000080000000, 0x0000000100000000)
  region size 1024K, 38 young (38912K), 4 survivors (4096K)
 Metaspace       used 101642K, committed 102336K, reserved 1138688K
  class space    used 13813K, committed 14144K, reserved 1048576K
}
Event: 8.491 GC heap after
{Heap after GC invocations=52 (full 0):
 garbage-first heap   total 183296K, used 97442K [0x0000000080000000, 0x0000000100000000)
  region size 1024K, 3 young (3072K), 3 survivors (3072K)
 Metaspace       used 101642K, committed 102336K, reserved 1138688K
  class space    used 13813K, committed 14144K, reserved 1048576K
}
Event: 8.502 GC heap before
{Heap before GC invocations=52 (full 0):
 garbage-first heap   total 183296K, used 101538K [0x0000000080000000, 0x0000000100000000)
  region size 1024K, 8 young (8192K), 3 survivors (3072K)
 Metaspace       used 101678K, committed 102400K, reserved 1138688K
  class space    used 13813K, committed 14144K, reserved 1048576K
}

